{"C:\\Users\\lenovo\\Desktop\\WLDD\\task-tracker\\backend\\src\\app.ts": {"path":"C:\\Users\\lenovo\\Desktop\\WLDD\\task-tracker\\backend\\src\\app.ts","statementMap":{"0":{"start":{"line":11,"column":0},"end":{"line":11,"column":16}},"1":{"start":{"line":13,"column":12},"end":{"line":13,"column":21}},"2":{"start":{"line":14,"column":0},"end":{"line":14,"column":18}},"3":{"start":{"line":15,"column":0},"end":{"line":15,"column":28}},"4":{"start":{"line":17,"column":16},"end":{"line":20,"column":2}},"5":{"start":{"line":21,"column":0},"end":{"line":21,"column":17}},"6":{"start":{"line":22,"column":0},"end":{"line":22,"column":16}},"7":{"start":{"line":23,"column":0},"end":{"line":23,"column":24}},"8":{"start":{"line":25,"column":0},"end":{"line":25,"column":33}},"9":{"start":{"line":26,"column":0},"end":{"line":26,"column":34}},"10":{"start":{"line":28,"column":0},"end":{"line":28,"column":22}}},"fnMap":{},"branchMap":{},"s":{"0":2,"1":2,"2":2,"3":2,"4":2,"5":2,"6":2,"7":2,"8":2,"9":2,"10":2},"f":{},"b":{}}
,"C:\\Users\\lenovo\\Desktop\\WLDD\\task-tracker\\backend\\src\\config\\redis.ts": {"path":"C:\\Users\\lenovo\\Desktop\\WLDD\\task-tracker\\backend\\src\\config\\redis.ts","statementMap":{"0":{"start":{"line":4,"column":0},"end":{"line":4,"column":16}},"1":{"start":{"line":6,"column":17},"end":{"line":6,"column":38}},"2":{"start":{"line":7,"column":0},"end":{"line":9,"column":1}},"3":{"start":{"line":8,"column":2},"end":{"line":8,"column":63}},"4":{"start":{"line":10,"column":27},"end":{"line":10,"column":58}},"5":{"start":{"line":11,"column":0},"end":{"line":11,"column":72}},"6":{"start":{"line":11,"column":32},"end":{"line":11,"column":70}}},"fnMap":{"0":{"name":"(anonymous_0)","decl":{"start":{"line":11,"column":24},"end":{"line":11,"column":25}},"loc":{"start":{"line":11,"column":32},"end":{"line":11,"column":70}}}},"branchMap":{"0":{"loc":{"start":{"line":7,"column":0},"end":{"line":9,"column":1}},"type":"if","locations":[{"start":{"line":7,"column":0},"end":{"line":9,"column":1}},{"start":{},"end":{}}]}},"s":{"0":1,"1":1,"2":1,"3":0,"4":1,"5":1,"6":0},"f":{"0":0},"b":{"0":[0,1]}}
,"C:\\Users\\lenovo\\Desktop\\WLDD\\task-tracker\\backend\\src\\middleware\\auth.middleware.ts": {"path":"C:\\Users\\lenovo\\Desktop\\WLDD\\task-tracker\\backend\\src\\middleware\\auth.middleware.ts","statementMap":{"0":{"start":{"line":8,"column":30},"end":{"line":24,"column":1}},"1":{"start":{"line":13,"column":16},"end":{"line":13,"column":56}},"2":{"start":{"line":15,"column":2},"end":{"line":15,"column":71}},"3":{"start":{"line":15,"column":14},"end":{"line":15,"column":71}},"4":{"start":{"line":17,"column":2},"end":{"line":23,"column":3}},"5":{"start":{"line":18,"column":20},"end":{"line":18,"column":71}},"6":{"start":{"line":19,"column":4},"end":{"line":19,"column":45}},"7":{"start":{"line":20,"column":4},"end":{"line":20,"column":11}},"8":{"start":{"line":22,"column":4},"end":{"line":22,"column":55}}},"fnMap":{"0":{"name":"(anonymous_0)","decl":{"start":{"line":8,"column":30},"end":{"line":8,"column":null}},"loc":{"start":{"line":12,"column":4},"end":{"line":24,"column":1}}}},"branchMap":{"0":{"loc":{"start":{"line":15,"column":2},"end":{"line":15,"column":71}},"type":"if","locations":[{"start":{"line":15,"column":2},"end":{"line":15,"column":71}},{"start":{},"end":{}}]}},"s":{"0":2,"1":11,"2":11,"3":1,"4":10,"5":10,"6":9,"7":9,"8":1},"f":{"0":11},"b":{"0":[1,10]}}
,"C:\\Users\\lenovo\\Desktop\\WLDD\\task-tracker\\backend\\src\\middleware\\error.middleware.ts": {"path":"C:\\Users\\lenovo\\Desktop\\WLDD\\task-tracker\\backend\\src\\middleware\\error.middleware.ts","statementMap":{"0":{"start":{"line":7,"column":4},"end":{"line":7,"column":19}},"1":{"start":{"line":8,"column":4},"end":{"line":8,"column":33}},"2":{"start":{"line":12,"column":28},"end":{"line":23,"column":1}},"3":{"start":{"line":18,"column":17},"end":{"line":18,"column":38}},"4":{"start":{"line":19,"column":2},"end":{"line":22,"column":5}}},"fnMap":{"0":{"name":"(anonymous_0)","decl":{"start":{"line":6,"column":2},"end":{"line":6,"column":14}},"loc":{"start":{"line":6,"column":49},"end":{"line":9,"column":3}}},"1":{"name":"(anonymous_1)","decl":{"start":{"line":12,"column":28},"end":{"line":12,"column":null}},"loc":{"start":{"line":17,"column":4},"end":{"line":23,"column":1}}}},"branchMap":{"0":{"loc":{"start":{"line":18,"column":17},"end":{"line":18,"column":38}},"type":"binary-expr","locations":[{"start":{"line":18,"column":17},"end":{"line":18,"column":31}},{"start":{"line":18,"column":35},"end":{"line":18,"column":38}}]},"1":{"loc":{"start":{"line":21,"column":13},"end":{"line":21,"column":51}},"type":"binary-expr","locations":[{"start":{"line":21,"column":13},"end":{"line":21,"column":24}},{"start":{"line":21,"column":28},"end":{"line":21,"column":51}}]}},"s":{"0":1,"1":1,"2":2,"3":1,"4":1},"f":{"0":1,"1":1},"b":{"0":[1,0],"1":[1,0]}}
,"C:\\Users\\lenovo\\Desktop\\WLDD\\task-tracker\\backend\\src\\middleware\\validate.middleware.ts": {"path":"C:\\Users\\lenovo\\Desktop\\WLDD\\task-tracker\\backend\\src\\middleware\\validate.middleware.ts","statementMap":{"0":{"start":{"line":5,"column":2},"end":{"line":16,"column":3}},"1":{"start":{"line":6,"column":2},"end":{"line":16,"column":3}},"2":{"start":{"line":7,"column":4},"end":{"line":15,"column":5}},"3":{"start":{"line":8,"column":6},"end":{"line":8,"column":40}},"4":{"start":{"line":9,"column":6},"end":{"line":9,"column":13}},"5":{"start":{"line":11,"column":6},"end":{"line":14,"column":9}}},"fnMap":{"0":{"name":"(anonymous_0)","decl":{"start":{"line":5,"column":2},"end":{"line":5,"column":3}},"loc":{"start":{"line":6,"column":2},"end":{"line":16,"column":3}}},"1":{"name":"(anonymous_1)","decl":{"start":{"line":6,"column":2},"end":{"line":6,"column":3}},"loc":{"start":{"line":6,"column":54},"end":{"line":16,"column":3}}}},"branchMap":{"0":{"loc":{"start":{"line":13,"column":17},"end":{"line":13,"column":64}},"type":"binary-expr","locations":[{"start":{"line":13,"column":17},"end":{"line":13,"column":41}},{"start":{"line":13,"column":45},"end":{"line":13,"column":64}}]}},"s":{"0":2,"1":8,"2":9,"3":9,"4":9,"5":0},"f":{"0":8,"1":9},"b":{"0":[0,0]}}
,"C:\\Users\\lenovo\\Desktop\\WLDD\\task-tracker\\backend\\src\\modules\\auth\\auth.controller.ts": {"path":"C:\\Users\\lenovo\\Desktop\\WLDD\\task-tracker\\backend\\src\\modules\\auth\\auth.controller.ts","statementMap":{"0":{"start":{"line":4,"column":22},"end":{"line":8,"column":1}},"1":{"start":{"line":5,"column":36},"end":{"line":5,"column":44}},"2":{"start":{"line":6,"column":17},"end":{"line":6,"column":64}},"3":{"start":{"line":7,"column":2},"end":{"line":7,"column":31}},"4":{"start":{"line":10,"column":21},"end":{"line":14,"column":1}},"5":{"start":{"line":11,"column":30},"end":{"line":11,"column":38}},"6":{"start":{"line":12,"column":17},"end":{"line":12,"column":57}},"7":{"start":{"line":13,"column":2},"end":{"line":13,"column":19}}},"fnMap":{"0":{"name":"(anonymous_0)","decl":{"start":{"line":4,"column":22},"end":{"line":4,"column":27}},"loc":{"start":{"line":4,"column":60},"end":{"line":8,"column":1}}},"1":{"name":"(anonymous_1)","decl":{"start":{"line":10,"column":21},"end":{"line":10,"column":26}},"loc":{"start":{"line":10,"column":59},"end":{"line":14,"column":1}}}},"branchMap":{},"s":{"0":2,"1":3,"2":3,"3":3,"4":2,"5":1,"6":1,"7":1},"f":{"0":3,"1":1},"b":{}}
,"C:\\Users\\lenovo\\Desktop\\WLDD\\task-tracker\\backend\\src\\modules\\auth\\auth.routes.ts": {"path":"C:\\Users\\lenovo\\Desktop\\WLDD\\task-tracker\\backend\\src\\modules\\auth\\auth.routes.ts","statementMap":{"0":{"start":{"line":7,"column":15},"end":{"line":7,"column":23}},"1":{"start":{"line":9,"column":0},"end":{"line":9,"column":84}},"2":{"start":{"line":10,"column":0},"end":{"line":10,"column":81}}},"fnMap":{},"branchMap":{},"s":{"0":2,"1":2,"2":2},"f":{},"b":{}}
,"C:\\Users\\lenovo\\Desktop\\WLDD\\task-tracker\\backend\\src\\modules\\auth\\auth.service.ts": {"path":"C:\\Users\\lenovo\\Desktop\\WLDD\\task-tracker\\backend\\src\\modules\\auth\\auth.service.ts","statementMap":{"0":{"start":{"line":6,"column":22},"end":{"line":23,"column":1}},"1":{"start":{"line":7,"column":19},"end":{"line":7,"column":48}},"2":{"start":{"line":8,"column":2},"end":{"line":10,"column":3}},"3":{"start":{"line":9,"column":4},"end":{"line":9,"column":56}},"4":{"start":{"line":12,"column":17},"end":{"line":12,"column":45}},"5":{"start":{"line":14,"column":15},"end":{"line":18,"column":4}},"6":{"start":{"line":20,"column":16},"end":{"line":20,"column":38}},"7":{"start":{"line":22,"column":2},"end":{"line":22,"column":25}},"8":{"start":{"line":25,"column":21},"end":{"line":35,"column":1}},"9":{"start":{"line":26,"column":15},"end":{"line":26,"column":44}},"10":{"start":{"line":27,"column":2},"end":{"line":27,"column":60}},"11":{"start":{"line":27,"column":13},"end":{"line":27,"column":60}},"12":{"start":{"line":29,"column":16},"end":{"line":29,"column":62}},"13":{"start":{"line":30,"column":2},"end":{"line":30,"column":61}},"14":{"start":{"line":30,"column":14},"end":{"line":30,"column":61}},"15":{"start":{"line":32,"column":16},"end":{"line":32,"column":38}},"16":{"start":{"line":34,"column":2},"end":{"line":34,"column":25}}},"fnMap":{"0":{"name":"(anonymous_0)","decl":{"start":{"line":6,"column":22},"end":{"line":6,"column":27}},"loc":{"start":{"line":6,"column":78},"end":{"line":23,"column":1}}},"1":{"name":"(anonymous_1)","decl":{"start":{"line":25,"column":21},"end":{"line":25,"column":26}},"loc":{"start":{"line":25,"column":63},"end":{"line":35,"column":1}}}},"branchMap":{"0":{"loc":{"start":{"line":8,"column":2},"end":{"line":10,"column":3}},"type":"if","locations":[{"start":{"line":8,"column":2},"end":{"line":10,"column":3}},{"start":{},"end":{}}]},"1":{"loc":{"start":{"line":27,"column":2},"end":{"line":27,"column":60}},"type":"if","locations":[{"start":{"line":27,"column":2},"end":{"line":27,"column":60}},{"start":{},"end":{}}]},"2":{"loc":{"start":{"line":30,"column":2},"end":{"line":30,"column":61}},"type":"if","locations":[{"start":{"line":30,"column":2},"end":{"line":30,"column":61}},{"start":{},"end":{}}]}},"s":{"0":2,"1":3,"2":3,"3":0,"4":3,"5":3,"6":3,"7":3,"8":2,"9":1,"10":1,"11":0,"12":1,"13":1,"14":0,"15":1,"16":1},"f":{"0":3,"1":1},"b":{"0":[0,3],"1":[0,1],"2":[0,1]}}
,"C:\\Users\\lenovo\\Desktop\\WLDD\\task-tracker\\backend\\src\\modules\\auth\\auth.validation.ts": {"path":"C:\\Users\\lenovo\\Desktop\\WLDD\\task-tracker\\backend\\src\\modules\\auth\\auth.validation.ts","statementMap":{"0":{"start":{"line":3,"column":28},"end":{"line":7,"column":2}},"1":{"start":{"line":9,"column":27},"end":{"line":12,"column":2}}},"fnMap":{},"branchMap":{},"s":{"0":2,"1":2},"f":{},"b":{}}
,"C:\\Users\\lenovo\\Desktop\\WLDD\\task-tracker\\backend\\src\\modules\\auth\\user.model.ts": {"path":"C:\\Users\\lenovo\\Desktop\\WLDD\\task-tracker\\backend\\src\\modules\\auth\\user.model.ts","statementMap":{"0":{"start":{"line":10,"column":19},"end":{"line":14,"column":57}}},"fnMap":{},"branchMap":{},"s":{"0":2},"f":{},"b":{}}
,"C:\\Users\\lenovo\\Desktop\\WLDD\\task-tracker\\backend\\src\\modules\\task\\task.controller.ts": {"path":"C:\\Users\\lenovo\\Desktop\\WLDD\\task-tracker\\backend\\src\\modules\\task\\task.controller.ts","statementMap":{"0":{"start":{"line":6,"column":24},"end":{"line":12,"column":1}},"1":{"start":{"line":7,"column":17},"end":{"line":9,"column":null}},"2":{"start":{"line":11,"column":2},"end":{"line":11,"column":19}},"3":{"start":{"line":15,"column":26},"end":{"line":21,"column":1}},"4":{"start":{"line":16,"column":17},"end":{"line":18,"column":null}},"5":{"start":{"line":20,"column":4},"end":{"line":20,"column":31}},"6":{"start":{"line":23,"column":26},"end":{"line":38,"column":1}},"7":{"start":{"line":24,"column":19},"end":{"line":24,"column":29}},"8":{"start":{"line":25,"column":4},"end":{"line":27,"column":5}},"9":{"start":{"line":26,"column":8},"end":{"line":26,"column":55}},"10":{"start":{"line":29,"column":17},"end":{"line":32,"column":null}},"11":{"start":{"line":35,"column":4},"end":{"line":35,"column":57}},"12":{"start":{"line":35,"column":15},"end":{"line":35,"column":57}},"13":{"start":{"line":37,"column":4},"end":{"line":37,"column":19}},"14":{"start":{"line":40,"column":26},"end":{"line":47,"column":1}},"15":{"start":{"line":41,"column":19},"end":{"line":41,"column":29}},"16":{"start":{"line":42,"column":4},"end":{"line":44,"column":5}},"17":{"start":{"line":43,"column":8},"end":{"line":43,"column":55}},"18":{"start":{"line":45,"column":4},"end":{"line":45,"column":55}},"19":{"start":{"line":46,"column":4},"end":{"line":46,"column":27}}},"fnMap":{"0":{"name":"(anonymous_0)","decl":{"start":{"line":6,"column":24},"end":{"line":6,"column":29}},"loc":{"start":{"line":6,"column":66},"end":{"line":12,"column":1}}},"1":{"name":"(anonymous_1)","decl":{"start":{"line":15,"column":26},"end":{"line":15,"column":31}},"loc":{"start":{"line":15,"column":68},"end":{"line":21,"column":1}}},"2":{"name":"(anonymous_2)","decl":{"start":{"line":23,"column":26},"end":{"line":23,"column":31}},"loc":{"start":{"line":23,"column":68},"end":{"line":38,"column":1}}},"3":{"name":"(anonymous_3)","decl":{"start":{"line":40,"column":26},"end":{"line":40,"column":31}},"loc":{"start":{"line":40,"column":68},"end":{"line":47,"column":1}}}},"branchMap":{"0":{"loc":{"start":{"line":25,"column":4},"end":{"line":27,"column":5}},"type":"if","locations":[{"start":{"line":25,"column":4},"end":{"line":27,"column":5}},{"start":{},"end":{}}]},"1":{"loc":{"start":{"line":35,"column":4},"end":{"line":35,"column":57}},"type":"if","locations":[{"start":{"line":35,"column":4},"end":{"line":35,"column":57}},{"start":{},"end":{}}]},"2":{"loc":{"start":{"line":42,"column":4},"end":{"line":44,"column":5}},"type":"if","locations":[{"start":{"line":42,"column":4},"end":{"line":44,"column":5}},{"start":{},"end":{}}]}},"s":{"0":2,"1":3,"2":3,"3":2,"4":3,"5":3,"6":2,"7":2,"8":2,"9":0,"10":2,"11":2,"12":1,"13":1,"14":2,"15":1,"16":1,"17":0,"18":1,"19":1},"f":{"0":3,"1":3,"2":2,"3":1},"b":{"0":[0,2],"1":[1,1],"2":[0,1]}}
,"C:\\Users\\lenovo\\Desktop\\WLDD\\task-tracker\\backend\\src\\modules\\task\\task.model.ts": {"path":"C:\\Users\\lenovo\\Desktop\\WLDD\\task-tracker\\backend\\src\\modules\\task\\task.model.ts","statementMap":{"0":{"start":{"line":12,"column":19},"end":{"line":30,"column":null}},"1":{"start":{"line":33,"column":0},"end":{"line":33,"column":42}}},"fnMap":{},"branchMap":{},"s":{"0":2,"1":2},"f":{},"b":{}}
,"C:\\Users\\lenovo\\Desktop\\WLDD\\task-tracker\\backend\\src\\modules\\task\\task.routes.ts": {"path":"C:\\Users\\lenovo\\Desktop\\WLDD\\task-tracker\\backend\\src\\modules\\task\\task.routes.ts","statementMap":{"0":{"start":{"line":11,"column":15},"end":{"line":11,"column":23}},"1":{"start":{"line":13,"column":0},"end":{"line":13,"column":27}},"2":{"start":{"line":15,"column":0},"end":{"line":15,"column":55}},"3":{"start":{"line":16,"column":0},"end":{"line":16,"column":86}},"4":{"start":{"line":17,"column":0},"end":{"line":17,"column":88}},"5":{"start":{"line":18,"column":0},"end":{"line":18,"column":63}}},"fnMap":{},"branchMap":{},"s":{"0":2,"1":2,"2":2,"3":2,"4":2,"5":2},"f":{},"b":{}}
,"C:\\Users\\lenovo\\Desktop\\WLDD\\task-tracker\\backend\\src\\modules\\task\\task.service.ts": {"path":"C:\\Users\\lenovo\\Desktop\\WLDD\\task-tracker\\backend\\src\\modules\\task\\task.service.ts","statementMap":{"0":{"start":{"line":5,"column":24},"end":{"line":45,"column":1}},"1":{"start":{"line":9,"column":54},"end":{"line":9,"column":59}},"2":{"start":{"line":11,"column":19},"end":{"line":11,"column":102}},"3":{"start":{"line":13,"column":17},"end":{"line":13,"column":48}},"4":{"start":{"line":14,"column":2},"end":{"line":16,"column":3}},"5":{"start":{"line":15,"column":4},"end":{"line":15,"column":30}},"6":{"start":{"line":18,"column":22},"end":{"line":18,"column":39}},"7":{"start":{"line":20,"column":2},"end":{"line":20,"column":37}},"8":{"start":{"line":20,"column":14},"end":{"line":20,"column":37}},"9":{"start":{"line":21,"column":2},"end":{"line":21,"column":64}},"10":{"start":{"line":21,"column":17},"end":{"line":21,"column":64}},"11":{"start":{"line":23,"column":16},"end":{"line":26,"column":25}},"12":{"start":{"line":28,"column":16},"end":{"line":28,"column":49}},"13":{"start":{"line":30,"column":17},"end":{"line":38,"column":4}},"14":{"start":{"line":40,"column":2},"end":{"line":42,"column":5}},"15":{"start":{"line":44,"column":2},"end":{"line":44,"column":16}},"16":{"start":{"line":47,"column":26},"end":{"line":51,"column":1}},"17":{"start":{"line":48,"column":15},"end":{"line":48,"column":60}},"18":{"start":{"line":49,"column":2},"end":{"line":49,"column":41}},"19":{"start":{"line":50,"column":2},"end":{"line":50,"column":14}},"20":{"start":{"line":53,"column":26},"end":{"line":66,"column":1}},"21":{"start":{"line":58,"column":15},"end":{"line":61,"column":null}},"22":{"start":{"line":64,"column":2},"end":{"line":64,"column":41}},"23":{"start":{"line":65,"column":2},"end":{"line":65,"column":14}},"24":{"start":{"line":68,"column":26},"end":{"line":71,"column":1}},"25":{"start":{"line":69,"column":2},"end":{"line":69,"column":62}},"26":{"start":{"line":70,"column":2},"end":{"line":70,"column":41}},"27":{"start":{"line":73,"column":33},"end":{"line":79,"column":1}},"28":{"start":{"line":74,"column":18},"end":{"line":74,"column":43}},"29":{"start":{"line":75,"column":15},"end":{"line":75,"column":46}},"30":{"start":{"line":76,"column":2},"end":{"line":78,"column":3}},"31":{"start":{"line":77,"column":4},"end":{"line":77,"column":32}}},"fnMap":{"0":{"name":"(anonymous_0)","decl":{"start":{"line":5,"column":24},"end":{"line":5,"column":29}},"loc":{"start":{"line":8,"column":4},"end":{"line":45,"column":1}}},"1":{"name":"(anonymous_1)","decl":{"start":{"line":47,"column":26},"end":{"line":47,"column":31}},"loc":{"start":{"line":47,"column":62},"end":{"line":51,"column":1}}},"2":{"name":"(anonymous_2)","decl":{"start":{"line":53,"column":26},"end":{"line":53,"column":31}},"loc":{"start":{"line":57,"column":4},"end":{"line":66,"column":1}}},"3":{"name":"(anonymous_3)","decl":{"start":{"line":68,"column":26},"end":{"line":68,"column":31}},"loc":{"start":{"line":68,"column":67},"end":{"line":71,"column":1}}},"4":{"name":"(anonymous_4)","decl":{"start":{"line":73,"column":33},"end":{"line":73,"column":38}},"loc":{"start":{"line":73,"column":58},"end":{"line":79,"column":1}}}},"branchMap":{"0":{"loc":{"start":{"line":9,"column":10},"end":{"line":9,"column":18}},"type":"default-arg","locations":[{"start":{"line":9,"column":17},"end":{"line":9,"column":18}}]},"1":{"loc":{"start":{"line":9,"column":20},"end":{"line":9,"column":30}},"type":"default-arg","locations":[{"start":{"line":9,"column":28},"end":{"line":9,"column":30}}]},"2":{"loc":{"start":{"line":11,"column":62},"end":{"line":11,"column":77}},"type":"binary-expr","locations":[{"start":{"line":11,"column":62},"end":{"line":11,"column":68}},{"start":{"line":11,"column":72},"end":{"line":11,"column":77}}]},"3":{"loc":{"start":{"line":11,"column":81},"end":{"line":11,"column":100}},"type":"binary-expr","locations":[{"start":{"line":11,"column":81},"end":{"line":11,"column":90}},{"start":{"line":11,"column":94},"end":{"line":11,"column":100}}]},"4":{"loc":{"start":{"line":14,"column":2},"end":{"line":16,"column":3}},"type":"if","locations":[{"start":{"line":14,"column":2},"end":{"line":16,"column":3}},{"start":{},"end":{}}]},"5":{"loc":{"start":{"line":20,"column":2},"end":{"line":20,"column":37}},"type":"if","locations":[{"start":{"line":20,"column":2},"end":{"line":20,"column":37}},{"start":{},"end":{}}]},"6":{"loc":{"start":{"line":21,"column":2},"end":{"line":21,"column":64}},"type":"if","locations":[{"start":{"line":21,"column":2},"end":{"line":21,"column":64}},{"start":{},"end":{}}]},"7":{"loc":{"start":{"line":76,"column":2},"end":{"line":78,"column":3}},"type":"if","locations":[{"start":{"line":76,"column":2},"end":{"line":78,"column":3}},{"start":{},"end":{}}]}},"s":{"0":2,"1":3,"2":3,"3":3,"4":3,"5":1,"6":2,"7":2,"8":0,"9":2,"10":0,"11":2,"12":2,"13":2,"14":2,"15":2,"16":2,"17":3,"18":3,"19":3,"20":2,"21":2,"22":2,"23":2,"24":2,"25":1,"26":1,"27":2,"28":6,"29":6,"30":6,"31":0},"f":{"0":3,"1":3,"2":2,"3":1,"4":6},"b":{"0":[2],"1":[2],"2":[3,3],"3":[3,3],"4":[1,2],"5":[0,2],"6":[0,2],"7":[0,6]}}
,"C:\\Users\\lenovo\\Desktop\\WLDD\\task-tracker\\backend\\src\\modules\\task\\task.validation.ts": {"path":"C:\\Users\\lenovo\\Desktop\\WLDD\\task-tracker\\backend\\src\\modules\\task\\task.validation.ts","statementMap":{"0":{"start":{"line":3,"column":32},"end":{"line":8,"column":2}},"1":{"start":{"line":10,"column":32},"end":{"line":15,"column":2}}},"fnMap":{},"branchMap":{},"s":{"0":2,"1":2},"f":{},"b":{}}
,"C:\\Users\\lenovo\\Desktop\\WLDD\\task-tracker\\backend\\src\\utils\\asyncHandler.ts": {"path":"C:\\Users\\lenovo\\Desktop\\WLDD\\task-tracker\\backend\\src\\utils\\asyncHandler.ts","statementMap":{"0":{"start":{"line":4,"column":2},"end":{"line":6,"column":51}},"1":{"start":{"line":5,"column":2},"end":{"line":6,"column":51}},"2":{"start":{"line":6,"column":4},"end":{"line":6,"column":51}}},"fnMap":{"0":{"name":"(anonymous_0)","decl":{"start":{"line":4,"column":2},"end":{"line":4,"column":3}},"loc":{"start":{"line":5,"column":2},"end":{"line":6,"column":51}}},"1":{"name":"(anonymous_1)","decl":{"start":{"line":5,"column":2},"end":{"line":5,"column":3}},"loc":{"start":{"line":6,"column":4},"end":{"line":6,"column":51}}}},"branchMap":{},"s":{"0":2,"1":12,"2":13},"f":{"0":12,"1":13},"b":{}}
,"C:\\Users\\lenovo\\Desktop\\WLDD\\task-tracker\\backend\\src\\utils\\jwt.ts": {"path":"C:\\Users\\lenovo\\Desktop\\WLDD\\task-tracker\\backend\\src\\utils\\jwt.ts","statementMap":{"0":{"start":{"line":3,"column":29},"end":{"line":7,"column":1}},"1":{"start":{"line":4,"column":2},"end":{"line":6,"column":5}}},"fnMap":{"0":{"name":"(anonymous_0)","decl":{"start":{"line":3,"column":29},"end":{"line":3,"column":30}},"loc":{"start":{"line":3,"column":48},"end":{"line":7,"column":1}}}},"branchMap":{},"s":{"0":2,"1":4},"f":{"0":4},"b":{}}
,"C:\\Users\\lenovo\\Desktop\\WLDD\\task-tracker\\backend\\src\\utils\\password.ts": {"path":"C:\\Users\\lenovo\\Desktop\\WLDD\\task-tracker\\backend\\src\\utils\\password.ts","statementMap":{"0":{"start":{"line":3,"column":28},"end":{"line":5,"column":1}},"1":{"start":{"line":4,"column":2},"end":{"line":4,"column":35}},"2":{"start":{"line":7,"column":31},"end":{"line":10,"column":35}},"3":{"start":{"line":10,"column":5},"end":{"line":10,"column":35}}},"fnMap":{"0":{"name":"(anonymous_0)","decl":{"start":{"line":3,"column":28},"end":{"line":3,"column":33}},"loc":{"start":{"line":3,"column":55},"end":{"line":5,"column":1}}},"1":{"name":"(anonymous_1)","decl":{"start":{"line":7,"column":31},"end":{"line":7,"column":36}},"loc":{"start":{"line":10,"column":5},"end":{"line":10,"column":35}}}},"branchMap":{},"s":{"0":2,"1":3,"2":2,"3":1},"f":{"0":3,"1":1},"b":{}}
,"C:\\Users\\lenovo\\Desktop\\WLDD\\task-tracker\\backend\\src\\utils\\redisKeys.ts": {"path":"C:\\Users\\lenovo\\Desktop\\WLDD\\task-tracker\\backend\\src\\utils\\redisKeys.ts","statementMap":{"0":{"start":{"line":1,"column":27},"end":{"line":1,"column":64}},"1":{"start":{"line":1,"column":47},"end":{"line":1,"column":64}}},"fnMap":{"0":{"name":"(anonymous_0)","decl":{"start":{"line":1,"column":27},"end":{"line":1,"column":28}},"loc":{"start":{"line":1,"column":47},"end":{"line":1,"column":64}}}},"branchMap":{},"s":{"0":2,"1":9},"f":{"0":9},"b":{}}
,"C:\\Users\\lenovo\\Desktop\\WLDD\\task-tracker\\backend\\tests\\setup.ts": {"path":"C:\\Users\\lenovo\\Desktop\\WLDD\\task-tracker\\backend\\tests\\setup.ts","statementMap":{"0":{"start":{"line":6,"column":29},"end":{"line":10,"column":1}},"1":{"start":{"line":7,"column":2},"end":{"line":7,"column":43}},"2":{"start":{"line":8,"column":14},"end":{"line":8,"column":28}},"3":{"start":{"line":9,"column":2},"end":{"line":9,"column":30}},"4":{"start":{"line":12,"column":27},"end":{"line":16,"column":1}},"5":{"start":{"line":13,"column":2},"end":{"line":13,"column":43}},"6":{"start":{"line":14,"column":2},"end":{"line":14,"column":36}},"7":{"start":{"line":15,"column":2},"end":{"line":15,"column":21}}},"fnMap":{"0":{"name":"(anonymous_0)","decl":{"start":{"line":6,"column":29},"end":{"line":6,"column":34}},"loc":{"start":{"line":6,"column":40},"end":{"line":10,"column":1}}},"1":{"name":"(anonymous_1)","decl":{"start":{"line":12,"column":27},"end":{"line":12,"column":32}},"loc":{"start":{"line":12,"column":38},"end":{"line":16,"column":1}}}},"branchMap":{},"s":{"0":2,"1":2,"2":2,"3":2,"4":2,"5":2,"6":2,"7":2},"f":{"0":2,"1":2},"b":{}}
}
