TN:
SF:src\app.ts
FNF:0
FNH:0
DA:11,2
DA:13,2
DA:14,2
DA:15,2
DA:17,2
DA:21,2
DA:22,2
DA:23,2
DA:25,2
DA:26,2
DA:28,2
LF:11
LH:11
BRF:0
BRH:0
end_of_record
TN:
SF:src\config\redis.ts
FN:11,(anonymous_0)
FNF:1
FNH:0
FNDA:0,(anonymous_0)
DA:4,1
DA:6,1
DA:7,1
DA:8,0
DA:10,1
DA:11,1
LF:6
LH:5
BRDA:7,0,0,0
BRDA:7,0,1,1
BRF:2
BRH:1
end_of_record
TN:
SF:src\middleware\auth.middleware.ts
FN:8,(anonymous_0)
FNF:1
FNH:1
FNDA:11,(anonymous_0)
DA:8,2
DA:13,11
DA:15,11
DA:17,10
DA:18,10
DA:19,9
DA:20,9
DA:22,1
LF:8
LH:8
BRDA:15,0,0,1
BRDA:15,0,1,10
BRF:2
BRH:2
end_of_record
TN:
SF:src\middleware\error.middleware.ts
FN:6,(anonymous_0)
FN:12,(anonymous_1)
FNF:2
FNH:2
FNDA:1,(anonymous_0)
FNDA:1,(anonymous_1)
DA:7,1
DA:8,1
DA:12,2
DA:18,1
DA:19,1
LF:5
LH:5
BRDA:18,0,0,1
BRDA:18,0,1,0
BRDA:21,1,0,1
BRDA:21,1,1,0
BRF:4
BRH:2
end_of_record
TN:
SF:src\middleware\validate.middleware.ts
FN:5,(anonymous_0)
FN:6,(anonymous_1)
FNF:2
FNH:2
FNDA:8,(anonymous_0)
FNDA:9,(anonymous_1)
DA:5,2
DA:6,8
DA:7,9
DA:8,9
DA:9,9
DA:11,0
LF:6
LH:5
BRDA:13,0,0,0
BRDA:13,0,1,0
BRF:2
BRH:0
end_of_record
TN:
SF:src\modules\auth\auth.controller.ts
FN:4,(anonymous_0)
FN:10,(anonymous_1)
FNF:2
FNH:2
FNDA:3,(anonymous_0)
FNDA:1,(anonymous_1)
DA:4,2
DA:5,3
DA:6,3
DA:7,3
DA:10,2
DA:11,1
DA:12,1
DA:13,1
LF:8
LH:8
BRF:0
BRH:0
end_of_record
TN:
SF:src\modules\auth\auth.routes.ts
FNF:0
FNH:0
DA:7,2
DA:9,2
DA:10,2
LF:3
LH:3
BRF:0
BRH:0
end_of_record
TN:
SF:src\modules\auth\auth.service.ts
FN:6,(anonymous_0)
FN:25,(anonymous_1)
FNF:2
FNH:2
FNDA:3,(anonymous_0)
FNDA:1,(anonymous_1)
DA:6,2
DA:7,3
DA:8,3
DA:9,0
DA:12,3
DA:14,3
DA:20,3
DA:22,3
DA:25,2
DA:26,1
DA:27,1
DA:29,1
DA:30,1
DA:32,1
DA:34,1
LF:15
LH:14
BRDA:8,0,0,0
BRDA:8,0,1,3
BRDA:27,1,0,0
BRDA:27,1,1,1
BRDA:30,2,0,0
BRDA:30,2,1,1
BRF:6
BRH:3
end_of_record
TN:
SF:src\modules\auth\auth.validation.ts
FNF:0
FNH:0
DA:3,2
DA:9,2
LF:2
LH:2
BRF:0
BRH:0
end_of_record
TN:
SF:src\modules\auth\user.model.ts
FNF:0
FNH:0
DA:10,2
LF:1
LH:1
BRF:0
BRH:0
end_of_record
TN:
SF:src\modules\task\task.controller.ts
FN:6,(anonymous_0)
FN:15,(anonymous_1)
FN:23,(anonymous_2)
FN:40,(anonymous_3)
FNF:4
FNH:4
FNDA:3,(anonymous_0)
FNDA:3,(anonymous_1)
FNDA:2,(anonymous_2)
FNDA:1,(anonymous_3)
DA:6,2
DA:7,3
DA:11,3
DA:15,2
DA:16,3
DA:20,3
DA:23,2
DA:24,2
DA:25,2
DA:26,0
DA:29,2
DA:35,2
DA:37,1
DA:40,2
DA:41,1
DA:42,1
DA:43,0
DA:45,1
DA:46,1
LF:19
LH:17
BRDA:25,0,0,0
BRDA:25,0,1,2
BRDA:35,1,0,1
BRDA:35,1,1,1
BRDA:42,2,0,0
BRDA:42,2,1,1
BRF:6
BRH:4
end_of_record
TN:
SF:src\modules\task\task.model.ts
FNF:0
FNH:0
DA:12,2
DA:33,2
LF:2
LH:2
BRF:0
BRH:0
end_of_record
TN:
SF:src\modules\task\task.routes.ts
FNF:0
FNH:0
DA:11,2
DA:13,2
DA:15,2
DA:16,2
DA:17,2
DA:18,2
LF:6
LH:6
BRF:0
BRH:0
end_of_record
TN:
SF:src\modules\task\task.service.ts
FN:5,(anonymous_0)
FN:47,(anonymous_1)
FN:53,(anonymous_2)
FN:68,(anonymous_3)
FN:73,(anonymous_4)
FNF:5
FNH:5
FNDA:3,(anonymous_0)
FNDA:3,(anonymous_1)
FNDA:2,(anonymous_2)
FNDA:1,(anonymous_3)
FNDA:6,(anonymous_4)
DA:5,2
DA:9,3
DA:11,3
DA:13,3
DA:14,3
DA:15,1
DA:18,2
DA:20,2
DA:21,2
DA:23,2
DA:28,2
DA:30,2
DA:40,2
DA:44,2
DA:47,2
DA:48,3
DA:49,3
DA:50,3
DA:53,2
DA:58,2
DA:64,2
DA:65,2
DA:68,2
DA:69,1
DA:70,1
DA:73,2
DA:74,6
DA:75,6
DA:76,6
DA:77,0
LF:30
LH:29
BRDA:9,0,0,2
BRDA:9,1,0,2
BRDA:11,2,0,3
BRDA:11,2,1,3
BRDA:11,3,0,3
BRDA:11,3,1,3
BRDA:14,4,0,1
BRDA:14,4,1,2
BRDA:20,5,0,0
BRDA:20,5,1,2
BRDA:21,6,0,0
BRDA:21,6,1,2
BRDA:76,7,0,0
BRDA:76,7,1,6
BRF:14
BRH:11
end_of_record
TN:
SF:src\modules\task\task.validation.ts
FNF:0
FNH:0
DA:3,2
DA:10,2
LF:2
LH:2
BRF:0
BRH:0
end_of_record
TN:
SF:src\utils\asyncHandler.ts
FN:4,(anonymous_0)
FN:5,(anonymous_1)
FNF:2
FNH:2
FNDA:12,(anonymous_0)
FNDA:13,(anonymous_1)
DA:4,2
DA:5,12
DA:6,13
LF:3
LH:3
BRF:0
BRH:0
end_of_record
TN:
SF:src\utils\jwt.ts
FN:3,(anonymous_0)
FNF:1
FNH:1
FNDA:4,(anonymous_0)
DA:3,2
DA:4,4
LF:2
LH:2
BRF:0
BRH:0
end_of_record
TN:
SF:src\utils\password.ts
FN:3,(anonymous_0)
FN:7,(anonymous_1)
FNF:2
FNH:2
FNDA:3,(anonymous_0)
FNDA:1,(anonymous_1)
DA:3,2
DA:4,3
DA:7,2
DA:10,1
LF:4
LH:4
BRF:0
BRH:0
end_of_record
TN:
SF:src\utils\redisKeys.ts
FN:1,(anonymous_0)
FNF:1
FNH:1
FNDA:9,(anonymous_0)
DA:1,9
LF:1
LH:1
BRF:0
BRH:0
end_of_record
TN:
SF:tests\setup.ts
FN:6,(anonymous_0)
FN:12,(anonymous_1)
FNF:2
FNH:2
FNDA:2,(anonymous_0)
FNDA:2,(anonymous_1)
DA:6,2
DA:7,2
DA:8,2
DA:9,2
DA:12,2
DA:13,2
DA:14,2
DA:15,2
LF:8
LH:8
BRF:0
BRH:0
end_of_record
